Watching for file changes with StatReloader
Not Found: /api/docs/
"GET /api/docs/ HTTP/1.1" 404 2817
Not Found: /favicon.ico
"GET /favicon.ico HTTP/1.1" 404 2823
"GET /api/v1/docs HTTP/1.1" 301 0
"GET /api/v1/docs/ HTTP/1.1" 200 4464
Not Found: /api/v1/schema/
"GET /api/v1/schema/ HTTP/1.1" 404 339
Not Found: /api/v1/schema/
"GET /api/v1/schema/ HTTP/1.1" 404 339
"GET /api/v1/docs/ HTTP/1.1" 200 4464
Not Found: /api/v1/schema/
"GET /api/v1/schema/ HTTP/1.1" 404 339
Not Found: /api/v1/schema/
"GET /api/v1/schema/ HTTP/1.1" 404 339
"GET /admin/users/customuser/ HTTP/1.1" 200 14398
"GET /admin/jsi18n/ HTTP/1.1" 200 3343
- Broken pipe from ('127.0.0.1', 51794)
- Broken pipe from ('127.0.0.1', 51795)
"GET /static/admin/img/icon-yes.svg HTTP/1.1" 200 436
"GET /static/admin/img/icon-no.svg HTTP/1.1" 200 560
"GET /static/admin/img/search.svg HTTP/1.1" 200 458
- Broken pipe from ('127.0.0.1', 51791)
- Broken pipe from ('127.0.0.1', 51796)
- Broken pipe from ('127.0.0.1', 51792)
- Broken pipe from ('127.0.0.1', 51797)
- Broken pipe from ('127.0.0.1', 51793)
- Broken pipe from ('127.0.0.1', 51798)
- Broken pipe from ('127.0.0.1', 51800)
- Broken pipe from ('127.0.0.1', 51799)
- Broken pipe from ('127.0.0.1', 51801)
- Broken pipe from ('127.0.0.1', 51802)
"GET /static/admin/img/tooltag-add.svg HTTP/1.1" 200 331
"GET /static/admin/img/icon-addlink.svg HTTP/1.1" 200 331
"GET /static/admin/img/sorting-icons.svg HTTP/1.1" 200 1097
"GET /admin/users/customuser/ HTTP/1.1" 200 14398
"GET /static/admin/css/nav_sidebar.css HTTP/1.1" 304 0
"GET /static/admin/css/base.css HTTP/1.1" 304 0
"GET /static/admin/js/theme.js HTTP/1.1" 304 0
"GET /static/admin/css/dark_mode.css HTTP/1.1" 304 0
"GET /static/admin/js/nav_sidebar.js HTTP/1.1" 304 0
"GET /static/admin/css/changelists.css HTTP/1.1" 304 0
"GET /static/admin/js/jquery.init.js HTTP/1.1" 304 0
"GET /static/admin/js/actions.js HTTP/1.1" 304 0
"GET /admin/jsi18n/ HTTP/1.1" 200 3343
"GET /static/admin/js/urlify.js HTTP/1.1" 304 0
"GET /static/admin/js/admin/RelatedObjectLookups.js HTTP/1.1" 304 0
"GET /static/admin/js/prepopulate.js HTTP/1.1" 304 0
"GET /static/admin/js/vendor/xregexp/xregexp.js HTTP/1.1" 304 0
"GET /static/admin/js/core.js HTTP/1.1" 304 0
"GET /static/admin/js/filters.js HTTP/1.1" 304 0
"GET /static/admin/css/responsive.css HTTP/1.1" 304 0
"GET /static/admin/js/vendor/jquery/jquery.js HTTP/1.1" 304 0
"GET /api/v1/docs/ HTTP/1.1" 200 4464
Not Found: /api/v1/schema/
"GET /api/v1/schema/ HTTP/1.1" 404 339
Not Found: /api/v1/schema/
"GET /api/v1/schema/ HTTP/1.1" 404 339
"GET /api/v1/schema HTTP/1.1" 301 0
Not Found: /api/v1/schema/
"GET /api/v1/schema/ HTTP/1.1" 404 298
Watching for file changes with StatReloader
Not Found: /api/v1/schema/
"GET /api/v1/schema/ HTTP/1.1" 404 298
"GET /api/v1/docs/ HTTP/1.1" 200 4464
Not Found: /api/v1/schema/
"GET /api/v1/schema/ HTTP/1.1" 404 339
Not Found: /api/v1/schema/
"GET /api/v1/schema/ HTTP/1.1" 404 339
"GET /api/v1/docs/ HTTP/1.1" 200 4464
Not Found: /api/v1/schema/
"GET /api/v1/schema/ HTTP/1.1" 404 339
Not Found: /api/v1/schema/
"GET /api/v1/schema/ HTTP/1.1" 404 339
D:\django-rest-backend\backend_api\backend_api\urls.py changed, reloading.
Watching for file changes with StatReloader
Watching for file changes with StatReloader
"GET /api/v1/docs/ HTTP/1.1" 200 4464
Not Found: /api/v1/schema/
"GET /api/v1/schema/ HTTP/1.1" 404 339
Not Found: /api/v1/schema/
"GET /api/v1/schema/ HTTP/1.1" 404 339
"GET /api/v1/docs/ HTTP/1.1" 200 4464
Not Found: /api/v1/schema/
"GET /api/v1/schema/ HTTP/1.1" 404 339
Not Found: /api/v1/schema/
"GET /api/v1/schema/ HTTP/1.1" 404 339
Watching for file changes with StatReloader
D:\django-rest-backend\backend_api\users\urls.py changed, reloading.
Watching for file changes with StatReloader
Watching for file changes with StatReloader
D:\django-rest-backend\backend_api\stores\urls.py changed, reloading.
Watching for file changes with StatReloader
D:\django-rest-backend\backend_api\events\urls.py changed, reloading.
Watching for file changes with StatReloader
"GET /api/v1/docs/ HTTP/1.1" 200 4464
"GET /api/v1/schema/ HTTP/1.1" 200 88144
